15:22:44 **** Incremental Build of configuration Debug for project stepper ****
make -j16 all 
arm-none-eabi-gcc "../Core/Src/customstepper.c" -mcpu=cortex-m7 -std=gnu18 -g3 -DDEBUG -DUSE_HAL_DRIVER -DSTM32F746xx -DUSE_FULL_ASSERT -c -I../Core/Inc -I../Drivers/STM32F7xx_HAL_Driver/Inc -I../Drivers/STM32F7xx_HAL_Driver/Inc/Legacy -I../Drivers/CMSIS/Device/ST/STM32F7xx/Include -I../Drivers/CMSIS/Include -I../../libs/FreeRTOS-LTS/FreeRTOS/FreeRTOS-Kernel/include -I../../libs/FreeRTOS-LTS/FreeRTOS/FreeRTOS-Kernel/portable/GCC/ARM_CM7/r0p1 -I../../libs/LibL6474/inc -I"/home/carl/Documents/Uni/Spindel_Project_Hardwarenahe_Programmierung_von_Echtzeitsystemen/labor_echtzeitsysteme_stepperspindel/stepper/Core/Inc/Stepper" -I../../libs/LibRTOSConsole/inc -I"/home/carl/Documents/Uni/Spindel_Project_Hardwarenahe_Programmierung_von_Echtzeitsystemen/labor_echtzeitsysteme_stepperspindel/stepper/Core/Inc/Console" -I"/home/carl/Documents/Uni/Spindel_Project_Hardwarenahe_Programmierung_von_Echtzeitsystemen/labor_echtzeitsysteme_stepperspindel/stepper/Core/Inc/Spindle" -I../../libs/LibSpindle/inc -O0 -ffunction-sections -fdata-sections -Wall -Wextra -pedantic -Wmissing-include-dirs -Wswitch-default -fstack-usage -fcyclomatic-complexity -MMD -MP -MF"Core/Src/customstepper.d" -MT"Core/Src/customstepper.o" --specs=nano.specs -mfpu=fpv5-sp-d16 -mfloat-abi=hard -mthumb -o "Core/Src/customstepper.o"
../Core/Src/customstepper.c: In function 'configParams':
../Core/Src/customstepper.c:283:22: warning: format '%f' expects argument of type 'double', but argument 2 has type 'int' [-Wformat=]
  283 |             printf("%f\r\nOK\r\n", ctx->mm_per_turn);
      |                     ~^             ~~~~~~~~~~~~~~~~
      |                      |                |
      |                      double           int
      |                     %d
../Core/Src/customstepper.c: In function 'StepDriverSpiTransfer':
../Core/Src/customstepper.c:779:44: warning: passing argument 2 of 'HAL_SPI_TransmitReceive' discards 'const' qualifier from pointer target type [-Wdiscarded-qualifiers]
  779 |     if (HAL_SPI_TransmitReceive(&hspi1, pTX+i, pRX+i,(uint16_t)1, HAL_MAX_DELAY) != HAL_OK) {
      |                                         ~~~^~
In file included from ../Core/Inc/stm32f7xx_hal_conf.h:407,
                 from ../Drivers/STM32F7xx_HAL_Driver/Inc/stm32f7xx_hal.h:29,
                 from ../Core/Inc/main.h:30,
                 from ../Core/Src/customstepper.c:6:
../Drivers/STM32F7xx_HAL_Driver/Inc/stm32f7xx_hal_spi.h:794:77: note: expected 'uint8_t *' {aka 'unsigned char *'} but argument is of type 'const char *'
  794 | HAL_StatusTypeDef HAL_SPI_TransmitReceive(SPI_HandleTypeDef *hspi, uint8_t *pTxData, uint8_t *pRxData, uint16_t Size,
      |                                                                    ~~~~~~~~~^~~~~~~
../Core/Src/customstepper.c:779:51: warning: pointer targets in passing argument 3 of 'HAL_SPI_TransmitReceive' differ in signedness [-Wpointer-sign]
  779 |     if (HAL_SPI_TransmitReceive(&hspi1, pTX+i, pRX+i,(uint16_t)1, HAL_MAX_DELAY) != HAL_OK) {
      |                                                ~~~^~
      |                                                   |
      |                                                   char *
../Drivers/STM32F7xx_HAL_Driver/Inc/stm32f7xx_hal_spi.h:794:95: note: expected 'uint8_t *' {aka 'unsigned char *'} but argument is of type 'char *'
  794 | HAL_StatusTypeDef HAL_SPI_TransmitReceive(SPI_HandleTypeDef *hspi, uint8_t *pTxData, uint8_t *pRxData, uint16_t Size,
      |                                                                                      ~~~~~~~~~^~~~~~~
../Core/Src/customstepper.c:775:40: warning: unused parameter 'pIO' [-Wunused-parameter]
  775 | static int StepDriverSpiTransfer(void* pIO, char* pRX, const char* pTX, unsigned int length)
      |                                  ~~~~~~^~~
../Core/Src/customstepper.c: In function 'StepSynchronous':
../Core/Src/customstepper.c:898:30: warning: comparison of integer expressions of different signedness: 'unsigned int' and 'int' [-Wsign-compare]
  898 |   for (unsigned int i = 0; i < numPulses; ++i) {
      |                              ^
../Core/Src/customstepper.c:886:37: warning: unused parameter 'dir' [-Wunused-parameter]
  886 | int StepSynchronous(void* pPWM, int dir, int numPulses) {
      |                                 ~~~~^~~
../Core/Src/customstepper.c: In function 'StepperTask':
../Core/Src/customstepper.c:931:18: warning: assignment to 'int (*)(void *, int,  unsigned int,  void (*)(struct L6474_Handle *), struct L6474_Handle *)' from incompatible pointer type 'int (*)(StepperTaskArgs_t *, int,  unsigned int,  void (*)(struct L6474_Handle *))' [-Wincompatible-pointer-types]
  931 |     p.stepAsync  = stepAsync;           // Your async function
      |                  ^
../Core/Src/customstepper.c:932:18: warning: assignment to 'int (*)(void *)' from incompatible pointer type 'int (*)(StepperTaskArgs_t *)' [-Wincompatible-pointer-types]
  932 |     p.cancelStep = stepCancelAsync;     // Your cancel function
      |                  ^
../Core/Src/customstepper.c:935:40: error: invalid type argument of unary '*' (have 'SPI_HandleTypeDef' {aka 'struct __SPI_HandleTypeDef'})
  935 |     args->h = L6474_CreateInstance(&p, *hspi1, NULL, *htim1);
      |                                        ^~~~~~
../Core/Src/customstepper.c:935:54: error: invalid type argument of unary '*' (have 'TIM_HandleTypeDef')
  935 |     args->h = L6474_CreateInstance(&p, *hspi1, NULL, *htim1);
      |                                                      ^~~~~~
../Core/Src/customstepper.c: In function 'StepperConsoleFunction':
../Core/Src/customstepper.c:683:10: warning: this statement may fall through [-Wimplicit-fallthrough=]
  683 |       if (xTaskCreate(StepperTask, "StepperTask", 256, NULL, tskIDLE_PRIORITY + 1, NULL) != pdPASS) {
      |          ^
../Core/Src/customstepper.c:687:3: note: here
  687 |   case cctREFERENCE_SKIP:
      |   ^~~~
../Core/Src/customstepper.c: At top level:
../Core/Src/customstepper.c:330:12: warning: 'reset' defined but not used [-Wunused-function]
  330 | static int reset(StepperTaskArgs_t* stepper_ctx) {
      |            ^~~~~
../Core/Src/customstepper.c:28:12: warning: 'CalcRelative' defined but not used [-Wunused-function]
   28 | static int CalcRelative(double relativePosition, StepperTaskArgs_t* ctx) {
      |            ^~~~~~~~~~~~
../Core/Src/customstepper.c:22:12: warning: 'CalcAbsolute' defined but not used [-Wunused-function]
   22 | static int CalcAbsolute(double position, double currentPosition, StepperTaskArgs_t* ctx) {
      |            ^~~~~~~~~~~~
make: *** [Core/Src/subdir.mk:37: Core/Src/customstepper.o] Error 1
"make -j16 all" terminated with exit code 2. Build might be incomplete.
15:33:55 **** Incremental Build of configuration Debug for project stepper ****
make -j16 all 
arm-none-eabi-gcc "../Core/Src/customstepper.c" -mcpu=cortex-m7 -std=gnu18 -g3 -DDEBUG -DUSE_HAL_DRIVER -DSTM32F746xx -DUSE_FULL_ASSERT -c -I../Core/Inc -I../Drivers/STM32F7xx_HAL_Driver/Inc -I../Drivers/STM32F7xx_HAL_Driver/Inc/Legacy -I../Drivers/CMSIS/Device/ST/STM32F7xx/Include -I../Drivers/CMSIS/Include -I../../libs/FreeRTOS-LTS/FreeRTOS/FreeRTOS-Kernel/include -I../../libs/FreeRTOS-LTS/FreeRTOS/FreeRTOS-Kernel/portable/GCC/ARM_CM7/r0p1 -I../../libs/LibL6474/inc -I"/home/carl/Documents/Uni/Spindel_Project_Hardwarenahe_Programmierung_von_Echtzeitsystemen/labor_echtzeitsysteme_stepperspindel/stepper/Core/Inc/Stepper" -I../../libs/LibRTOSConsole/inc -I"/home/carl/Documents/Uni/Spindel_Project_Hardwarenahe_Programmierung_von_Echtzeitsystemen/labor_echtzeitsysteme_stepperspindel/stepper/Core/Inc/Console" -I"/home/carl/Documents/Uni/Spindel_Project_Hardwarenahe_Programmierung_von_Echtzeitsystemen/labor_echtzeitsysteme_stepperspindel/stepper/Core/Inc/Spindle" -I../../libs/LibSpindle/inc -O0 -ffunction-sections -fdata-sections -Wall -Wextra -pedantic -Wmissing-include-dirs -Wswitch-default -fstack-usage -fcyclomatic-complexity -MMD -MP -MF"Core/Src/customstepper.d" -MT"Core/Src/customstepper.o" --specs=nano.specs -mfpu=fpv5-sp-d16 -mfloat-abi=hard -mthumb -o "Core/Src/customstepper.o"
../Core/Src/customstepper.c: In function 'configParams':
../Core/Src/customstepper.c:283:22: warning: format '%f' expects argument of type 'double', but argument 2 has type 'int' [-Wformat=]
  283 |             printf("%f\r\nOK\r\n", ctx->mm_per_turn);
      |                     ~^             ~~~~~~~~~~~~~~~~
      |                      |                |
      |                      double           int
      |                     %d
../Core/Src/customstepper.c: In function 'StepDriverSpiTransfer':
../Core/Src/customstepper.c:779:44: warning: passing argument 2 of 'HAL_SPI_TransmitReceive' discards 'const' qualifier from pointer target type [-Wdiscarded-qualifiers]
  779 |     if (HAL_SPI_TransmitReceive(&hspi1, pTX+i, pRX+i,(uint16_t)1, HAL_MAX_DELAY) != HAL_OK) {
      |                                         ~~~^~
In file included from ../Core/Inc/stm32f7xx_hal_conf.h:407,
                 from ../Drivers/STM32F7xx_HAL_Driver/Inc/stm32f7xx_hal.h:29,
                 from ../Core/Inc/main.h:30,
                 from ../Core/Src/customstepper.c:6:
../Drivers/STM32F7xx_HAL_Driver/Inc/stm32f7xx_hal_spi.h:794:77: note: expected 'uint8_t *' {aka 'unsigned char *'} but argument is of type 'const char *'
  794 | HAL_StatusTypeDef HAL_SPI_TransmitReceive(SPI_HandleTypeDef *hspi, uint8_t *pTxData, uint8_t *pRxData, uint16_t Size,
      |                                                                    ~~~~~~~~~^~~~~~~
../Core/Src/customstepper.c:779:51: warning: pointer targets in passing argument 3 of 'HAL_SPI_TransmitReceive' differ in signedness [-Wpointer-sign]
  779 |     if (HAL_SPI_TransmitReceive(&hspi1, pTX+i, pRX+i,(uint16_t)1, HAL_MAX_DELAY) != HAL_OK) {
      |                                                ~~~^~
      |                                                   |
      |                                                   char *
../Drivers/STM32F7xx_HAL_Driver/Inc/stm32f7xx_hal_spi.h:794:95: note: expected 'uint8_t *' {aka 'unsigned char *'} but argument is of type 'char *'
  794 | HAL_StatusTypeDef HAL_SPI_TransmitReceive(SPI_HandleTypeDef *hspi, uint8_t *pTxData, uint8_t *pRxData, uint16_t Size,
      |                                                                                      ~~~~~~~~~^~~~~~~
../Core/Src/customstepper.c:775:40: warning: unused parameter 'pIO' [-Wunused-parameter]
  775 | static int StepDriverSpiTransfer(void* pIO, char* pRX, const char* pTX, unsigned int length)
      |                                  ~~~~~~^~~
../Core/Src/customstepper.c: In function 'StepSynchronous':
../Core/Src/customstepper.c:898:30: warning: comparison of integer expressions of different signedness: 'unsigned int' and 'int' [-Wsign-compare]
  898 |   for (unsigned int i = 0; i < numPulses; ++i) {
      |                              ^
../Core/Src/customstepper.c:886:37: warning: unused parameter 'dir' [-Wunused-parameter]
  886 | int StepSynchronous(void* pPWM, int dir, int numPulses) {
      |                                 ~~~~^~~
../Core/Src/customstepper.c: In function 'StepperTask':
../Core/Src/customstepper.c:913:5: error: 'args' undeclared (first use in this function)
  913 |     args = (StepperTaskArgs_t*)pvParameters;
      |     ^~~~
../Core/Src/customstepper.c:913:5: note: each undeclared identifier is reported only once for each function it appears in
../Core/Src/customstepper.c:931:18: warning: assignment to 'int (*)(void *, int,  unsigned int,  void (*)(struct L6474_Handle *), struct L6474_Handle *)' from incompatible pointer type 'int (*)(StepperTaskArgs_t *, int,  unsigned int,  void (*)(struct L6474_Handle *))' [-Wincompatible-pointer-types]
  931 |     p.stepAsync  = stepAsync;           // Your async function
      |                  ^
../Core/Src/customstepper.c:932:18: warning: assignment to 'int (*)(void *)' from incompatible pointer type 'int (*)(StepperTaskArgs_t *)' [-Wincompatible-pointer-types]
  932 |     p.cancelStep = stepCancelAsync;     // Your cancel function
      |                  ^
../Core/Src/customstepper.c: In function 'StepperConsoleFunction':
../Core/Src/customstepper.c:683:10: warning: this statement may fall through [-Wimplicit-fallthrough=]
  683 |       if (xTaskCreate(StepperTask, "StepperTask", 256, NULL, tskIDLE_PRIORITY + 1, NULL) != pdPASS) {
      |          ^
../Core/Src/customstepper.c:687:3: note: here
  687 |   case cctREFERENCE_SKIP:
      |   ^~~~
../Core/Src/customstepper.c: At top level:
../Core/Src/customstepper.c:330:12: warning: 'reset' defined but not used [-Wunused-function]
  330 | static int reset(StepperTaskArgs_t* stepper_ctx) {
      |            ^~~~~
../Core/Src/customstepper.c:28:12: warning: 'CalcRelative' defined but not used [-Wunused-function]
   28 | static int CalcRelative(double relativePosition, StepperTaskArgs_t* ctx) {
      |            ^~~~~~~~~~~~
../Core/Src/customstepper.c:22:12: warning: 'CalcAbsolute' defined but not used [-Wunused-function]
   22 | static int CalcAbsolute(double position, double currentPosition, StepperTaskArgs_t* ctx) {
      |            ^~~~~~~~~~~~
make: *** [Core/Src/subdir.mk:37: Core/Src/customstepper.o] Error 1
"make -j16 all" terminated with exit code 2. Build might be incomplete.
15:34:09 **** Incremental Build of configuration Debug for project stepper ****
make -j16 all 
arm-none-eabi-gcc "../Core/Src/customstepper.c" -mcpu=cortex-m7 -std=gnu18 -g3 -DDEBUG -DUSE_HAL_DRIVER -DSTM32F746xx -DUSE_FULL_ASSERT -c -I../Core/Inc -I../Drivers/STM32F7xx_HAL_Driver/Inc -I../Drivers/STM32F7xx_HAL_Driver/Inc/Legacy -I../Drivers/CMSIS/Device/ST/STM32F7xx/Include -I../Drivers/CMSIS/Include -I../../libs/FreeRTOS-LTS/FreeRTOS/FreeRTOS-Kernel/include -I../../libs/FreeRTOS-LTS/FreeRTOS/FreeRTOS-Kernel/portable/GCC/ARM_CM7/r0p1 -I../../libs/LibL6474/inc -I"/home/carl/Documents/Uni/Spindel_Project_Hardwarenahe_Programmierung_von_Echtzeitsystemen/labor_echtzeitsysteme_stepperspindel/stepper/Core/Inc/Stepper" -I../../libs/LibRTOSConsole/inc -I"/home/carl/Documents/Uni/Spindel_Project_Hardwarenahe_Programmierung_von_Echtzeitsystemen/labor_echtzeitsysteme_stepperspindel/stepper/Core/Inc/Console" -I"/home/carl/Documents/Uni/Spindel_Project_Hardwarenahe_Programmierung_von_Echtzeitsystemen/labor_echtzeitsysteme_stepperspindel/stepper/Core/Inc/Spindle" -I../../libs/LibSpindle/inc -O0 -ffunction-sections -fdata-sections -Wall -Wextra -pedantic -Wmissing-include-dirs -Wswitch-default -fstack-usage -fcyclomatic-complexity -MMD -MP -MF"Core/Src/customstepper.d" -MT"Core/Src/customstepper.o" --specs=nano.specs -mfpu=fpv5-sp-d16 -mfloat-abi=hard -mthumb -o "Core/Src/customstepper.o"
../Core/Src/customstepper.c: In function 'configParams':
../Core/Src/customstepper.c:283:22: warning: format '%f' expects argument of type 'double', but argument 2 has type 'int' [-Wformat=]
  283 |             printf("%f\r\nOK\r\n", ctx->mm_per_turn);
      |                     ~^             ~~~~~~~~~~~~~~~~
      |                      |                |
      |                      double           int
      |                     %d
../Core/Src/customstepper.c: In function 'StepDriverSpiTransfer':
../Core/Src/customstepper.c:779:44: warning: passing argument 2 of 'HAL_SPI_TransmitReceive' discards 'const' qualifier from pointer target type [-Wdiscarded-qualifiers]
  779 |     if (HAL_SPI_TransmitReceive(&hspi1, pTX+i, pRX+i,(uint16_t)1, HAL_MAX_DELAY) != HAL_OK) {
      |                                         ~~~^~
In file included from ../Core/Inc/stm32f7xx_hal_conf.h:407,
                 from ../Drivers/STM32F7xx_HAL_Driver/Inc/stm32f7xx_hal.h:29,
                 from ../Core/Inc/main.h:30,
                 from ../Core/Src/customstepper.c:6:
../Drivers/STM32F7xx_HAL_Driver/Inc/stm32f7xx_hal_spi.h:794:77: note: expected 'uint8_t *' {aka 'unsigned char *'} but argument is of type 'const char *'
  794 | HAL_StatusTypeDef HAL_SPI_TransmitReceive(SPI_HandleTypeDef *hspi, uint8_t *pTxData, uint8_t *pRxData, uint16_t Size,
      |                                                                    ~~~~~~~~~^~~~~~~
../Core/Src/customstepper.c:779:51: warning: pointer targets in passing argument 3 of 'HAL_SPI_TransmitReceive' differ in signedness [-Wpointer-sign]
  779 |     if (HAL_SPI_TransmitReceive(&hspi1, pTX+i, pRX+i,(uint16_t)1, HAL_MAX_DELAY) != HAL_OK) {
      |                                                ~~~^~
      |                                                   |
      |                                                   char *
../Drivers/STM32F7xx_HAL_Driver/Inc/stm32f7xx_hal_spi.h:794:95: note: expected 'uint8_t *' {aka 'unsigned char *'} but argument is of type 'char *'
  794 | HAL_StatusTypeDef HAL_SPI_TransmitReceive(SPI_HandleTypeDef *hspi, uint8_t *pTxData, uint8_t *pRxData, uint16_t Size,
      |                                                                                      ~~~~~~~~~^~~~~~~
../Core/Src/customstepper.c:775:40: warning: unused parameter 'pIO' [-Wunused-parameter]
  775 | static int StepDriverSpiTransfer(void* pIO, char* pRX, const char* pTX, unsigned int length)
      |                                  ~~~~~~^~~
../Core/Src/customstepper.c: In function 'StepSynchronous':
../Core/Src/customstepper.c:898:30: warning: comparison of integer expressions of different signedness: 'unsigned int' and 'int' [-Wsign-compare]
  898 |   for (unsigned int i = 0; i < numPulses; ++i) {
      |                              ^
../Core/Src/customstepper.c:886:37: warning: unused parameter 'dir' [-Wunused-parameter]
  886 | int StepSynchronous(void* pPWM, int dir, int numPulses) {
      |                                 ~~~~^~~
../Core/Src/customstepper.c: In function 'StepperTask':
../Core/Src/customstepper.c:913:5: error: 'args' undeclared (first use in this function)
  913 |     args = (StepperTaskArgs_t*)pvParameters;
      |     ^~~~
../Core/Src/customstepper.c:913:5: note: each undeclared identifier is reported only once for each function it appears in
../Core/Src/customstepper.c:931:18: warning: assignment to 'int (*)(void *, int,  unsigned int,  void (*)(struct L6474_Handle *), struct L6474_Handle *)' from incompatible pointer type 'int (*)(StepperTaskArgs_t *, int,  unsigned int,  void (*)(struct L6474_Handle *))' [-Wincompatible-pointer-types]
  931 |     p.stepAsync  = stepAsync;           // Your async function
      |                  ^
../Core/Src/customstepper.c:932:18: warning: assignment to 'int (*)(void *)' from incompatible pointer type 'int (*)(StepperTaskArgs_t *)' [-Wincompatible-pointer-types]
  932 |     p.cancelStep = stepCancelAsync;     // Your cancel function
      |                  ^
../Core/Src/customstepper.c: In function 'StepperConsoleFunction':
../Core/Src/customstepper.c:683:10: warning: this statement may fall through [-Wimplicit-fallthrough=]
  683 |       if (xTaskCreate(StepperTask, "StepperTask", 256, NULL, tskIDLE_PRIORITY + 1, NULL) != pdPASS) {
      |          ^
../Core/Src/customstepper.c:687:3: note: here
  687 |   case cctREFERENCE_SKIP:
      |   ^~~~
../Core/Src/customstepper.c: At top level:
../Core/Src/customstepper.c:330:12: warning: 'reset' defined but not used [-Wunused-function]
  330 | static int reset(StepperTaskArgs_t* stepper_ctx) {
      |            ^~~~~
../Core/Src/customstepper.c:28:12: warning: 'CalcRelative' defined but not used [-Wunused-function]
   28 | static int CalcRelative(double relativePosition, StepperTaskArgs_t* ctx) {
      |            ^~~~~~~~~~~~
../Core/Src/customstepper.c:22:12: warning: 'CalcAbsolute' defined but not used [-Wunused-function]
   22 | static int CalcAbsolute(double position, double currentPosition, StepperTaskArgs_t* ctx) {
      |            ^~~~~~~~~~~~
make: *** [Core/Src/subdir.mk:37: Core/Src/customstepper.o] Error 1
"make -j16 all" terminated with exit code 2. Build might be incomplete.
15:35:40 **** Incremental Build of configuration Debug for project stepper ****
make -j16 all 
arm-none-eabi-gcc "../Core/Src/customstepper.c" -mcpu=cortex-m7 -std=gnu18 -g3 -DDEBUG -DUSE_HAL_DRIVER -DSTM32F746xx -DUSE_FULL_ASSERT -c -I../Core/Inc -I../Drivers/STM32F7xx_HAL_Driver/Inc -I../Drivers/STM32F7xx_HAL_Driver/Inc/Legacy -I../Drivers/CMSIS/Device/ST/STM32F7xx/Include -I../Drivers/CMSIS/Include -I../../libs/FreeRTOS-LTS/FreeRTOS/FreeRTOS-Kernel/include -I../../libs/FreeRTOS-LTS/FreeRTOS/FreeRTOS-Kernel/portable/GCC/ARM_CM7/r0p1 -I../../libs/LibL6474/inc -I"/home/carl/Documents/Uni/Spindel_Project_Hardwarenahe_Programmierung_von_Echtzeitsystemen/labor_echtzeitsysteme_stepperspindel/stepper/Core/Inc/Stepper" -I../../libs/LibRTOSConsole/inc -I"/home/carl/Documents/Uni/Spindel_Project_Hardwarenahe_Programmierung_von_Echtzeitsystemen/labor_echtzeitsysteme_stepperspindel/stepper/Core/Inc/Console" -I"/home/carl/Documents/Uni/Spindel_Project_Hardwarenahe_Programmierung_von_Echtzeitsystemen/labor_echtzeitsysteme_stepperspindel/stepper/Core/Inc/Spindle" -I../../libs/LibSpindle/inc -O0 -ffunction-sections -fdata-sections -Wall -Wextra -pedantic -Wmissing-include-dirs -Wswitch-default -fstack-usage -fcyclomatic-complexity -MMD -MP -MF"Core/Src/customstepper.d" -MT"Core/Src/customstepper.o" --specs=nano.specs -mfpu=fpv5-sp-d16 -mfloat-abi=hard -mthumb -o "Core/Src/customstepper.o"
../Core/Src/customstepper.c: In function 'configParams':
../Core/Src/customstepper.c:283:22: warning: format '%f' expects argument of type 'double', but argument 2 has type 'int' [-Wformat=]
  283 |             printf("%f\r\nOK\r\n", ctx->mm_per_turn);
      |                     ~^             ~~~~~~~~~~~~~~~~
      |                      |                |
      |                      double           int
      |                     %d
../Core/Src/customstepper.c: In function 'StepDriverSpiTransfer':
../Core/Src/customstepper.c:779:44: warning: passing argument 2 of 'HAL_SPI_TransmitReceive' discards 'const' qualifier from pointer target type [-Wdiscarded-qualifiers]
  779 |     if (HAL_SPI_TransmitReceive(&hspi1, pTX+i, pRX+i,(uint16_t)1, HAL_MAX_DELAY) != HAL_OK) {
      |                                         ~~~^~
In file included from ../Core/Inc/stm32f7xx_hal_conf.h:407,
                 from ../Drivers/STM32F7xx_HAL_Driver/Inc/stm32f7xx_hal.h:29,
                 from ../Core/Inc/main.h:30,
                 from ../Core/Src/customstepper.c:6:
../Drivers/STM32F7xx_HAL_Driver/Inc/stm32f7xx_hal_spi.h:794:77: note: expected 'uint8_t *' {aka 'unsigned char *'} but argument is of type 'const char *'
  794 | HAL_StatusTypeDef HAL_SPI_TransmitReceive(SPI_HandleTypeDef *hspi, uint8_t *pTxData, uint8_t *pRxData, uint16_t Size,
      |                                                                    ~~~~~~~~~^~~~~~~
../Core/Src/customstepper.c:779:51: warning: pointer targets in passing argument 3 of 'HAL_SPI_TransmitReceive' differ in signedness [-Wpointer-sign]
  779 |     if (HAL_SPI_TransmitReceive(&hspi1, pTX+i, pRX+i,(uint16_t)1, HAL_MAX_DELAY) != HAL_OK) {
      |                                                ~~~^~
      |                                                   |
      |                                                   char *
../Drivers/STM32F7xx_HAL_Driver/Inc/stm32f7xx_hal_spi.h:794:95: note: expected 'uint8_t *' {aka 'unsigned char *'} but argument is of type 'char *'
  794 | HAL_StatusTypeDef HAL_SPI_TransmitReceive(SPI_HandleTypeDef *hspi, uint8_t *pTxData, uint8_t *pRxData, uint16_t Size,
      |                                                                                      ~~~~~~~~~^~~~~~~
../Core/Src/customstepper.c:775:40: warning: unused parameter 'pIO' [-Wunused-parameter]
  775 | static int StepDriverSpiTransfer(void* pIO, char* pRX, const char* pTX, unsigned int length)
      |                                  ~~~~~~^~~
../Core/Src/customstepper.c: In function 'StepSynchronous':
../Core/Src/customstepper.c:898:30: warning: comparison of integer expressions of different signedness: 'unsigned int' and 'int' [-Wsign-compare]
  898 |   for (unsigned int i = 0; i < numPulses; ++i) {
      |                              ^
../Core/Src/customstepper.c:886:37: warning: unused parameter 'dir' [-Wunused-parameter]
  886 | int StepSynchronous(void* pPWM, int dir, int numPulses) {
      |                                 ~~~~^~~
../Core/Src/customstepper.c: In function 'StepperTask':
../Core/Src/customstepper.c:913:5: error: 'args' undeclared (first use in this function)
  913 |     args = (StepperTaskArgs_t*)pvParameters;
      |     ^~~~
../Core/Src/customstepper.c:913:5: note: each undeclared identifier is reported only once for each function it appears in
../Core/Src/customstepper.c:931:18: warning: assignment to 'int (*)(void *, int,  unsigned int,  void (*)(struct L6474_Handle *), struct L6474_Handle *)' from incompatible pointer type 'int (*)(StepperTaskArgs_t *, int,  unsigned int,  void (*)(struct L6474_Handle *))' [-Wincompatible-pointer-types]
  931 |     p.stepAsync  = stepAsync;           // Your async function
      |                  ^
../Core/Src/customstepper.c:932:18: warning: assignment to 'int (*)(void *)' from incompatible pointer type 'int (*)(StepperTaskArgs_t *)' [-Wincompatible-pointer-types]
  932 |     p.cancelStep = stepCancelAsync;     // Your cancel function
      |                  ^
../Core/Src/customstepper.c: In function 'StepperConsoleFunction':
../Core/Src/customstepper.c:683:10: warning: this statement may fall through [-Wimplicit-fallthrough=]
  683 |       if (xTaskCreate(StepperTask, "StepperTask", 256, NULL, tskIDLE_PRIORITY + 1, NULL) != pdPASS) {
      |          ^
../Core/Src/customstepper.c:687:3: note: here
  687 |   case cctREFERENCE_SKIP:
      |   ^~~~
../Core/Src/customstepper.c: At top level:
../Core/Src/customstepper.c:330:12: warning: 'reset' defined but not used [-Wunused-function]
  330 | static int reset(StepperTaskArgs_t* stepper_ctx) {
      |            ^~~~~
../Core/Src/customstepper.c:28:12: warning: 'CalcRelative' defined but not used [-Wunused-function]
   28 | static int CalcRelative(double relativePosition, StepperTaskArgs_t* ctx) {
      |            ^~~~~~~~~~~~
../Core/Src/customstepper.c:22:12: warning: 'CalcAbsolute' defined but not used [-Wunused-function]
   22 | static int CalcAbsolute(double position, double currentPosition, StepperTaskArgs_t* ctx) {
      |            ^~~~~~~~~~~~
make: *** [Core/Src/subdir.mk:37: Core/Src/customstepper.o] Error 1
"make -j16 all" terminated with exit code 2. Build might be incomplete.
15:36:45 **** Incremental Build of configuration Debug for project stepper ****
make -j16 all 
arm-none-eabi-gcc "../Core/Src/customstepper.c" -mcpu=cortex-m7 -std=gnu18 -g3 -DDEBUG -DUSE_HAL_DRIVER -DSTM32F746xx -DUSE_FULL_ASSERT -c -I../Core/Inc -I../Drivers/STM32F7xx_HAL_Driver/Inc -I../Drivers/STM32F7xx_HAL_Driver/Inc/Legacy -I../Drivers/CMSIS/Device/ST/STM32F7xx/Include -I../Drivers/CMSIS/Include -I../../libs/FreeRTOS-LTS/FreeRTOS/FreeRTOS-Kernel/include -I../../libs/FreeRTOS-LTS/FreeRTOS/FreeRTOS-Kernel/portable/GCC/ARM_CM7/r0p1 -I../../libs/LibL6474/inc -I"/home/carl/Documents/Uni/Spindel_Project_Hardwarenahe_Programmierung_von_Echtzeitsystemen/labor_echtzeitsysteme_stepperspindel/stepper/Core/Inc/Stepper" -I../../libs/LibRTOSConsole/inc -I"/home/carl/Documents/Uni/Spindel_Project_Hardwarenahe_Programmierung_von_Echtzeitsystemen/labor_echtzeitsysteme_stepperspindel/stepper/Core/Inc/Console" -I"/home/carl/Documents/Uni/Spindel_Project_Hardwarenahe_Programmierung_von_Echtzeitsystemen/labor_echtzeitsysteme_stepperspindel/stepper/Core/Inc/Spindle" -I../../libs/LibSpindle/inc -O0 -ffunction-sections -fdata-sections -Wall -Wextra -pedantic -Wmissing-include-dirs -Wswitch-default -fstack-usage -fcyclomatic-complexity -MMD -MP -MF"Core/Src/customstepper.d" -MT"Core/Src/customstepper.o" --specs=nano.specs -mfpu=fpv5-sp-d16 -mfloat-abi=hard -mthumb -o "Core/Src/customstepper.o"
../Core/Src/customstepper.c: In function 'configParams':
../Core/Src/customstepper.c:283:22: warning: format '%f' expects argument of type 'double', but argument 2 has type 'int' [-Wformat=]
  283 |             printf("%f\r\nOK\r\n", ctx->mm_per_turn);
      |                     ~^             ~~~~~~~~~~~~~~~~
      |                      |                |
      |                      double           int
      |                     %d
../Core/Src/customstepper.c: In function 'StepDriverSpiTransfer':
../Core/Src/customstepper.c:779:44: warning: passing argument 2 of 'HAL_SPI_TransmitReceive' discards 'const' qualifier from pointer target type [-Wdiscarded-qualifiers]
  779 |     if (HAL_SPI_TransmitReceive(&hspi1, pTX+i, pRX+i,(uint16_t)1, HAL_MAX_DELAY) != HAL_OK) {
      |                                         ~~~^~
In file included from ../Core/Inc/stm32f7xx_hal_conf.h:407,
                 from ../Drivers/STM32F7xx_HAL_Driver/Inc/stm32f7xx_hal.h:29,
                 from ../Core/Inc/main.h:30,
                 from ../Core/Src/customstepper.c:6:
../Drivers/STM32F7xx_HAL_Driver/Inc/stm32f7xx_hal_spi.h:794:77: note: expected 'uint8_t *' {aka 'unsigned char *'} but argument is of type 'const char *'
  794 | HAL_StatusTypeDef HAL_SPI_TransmitReceive(SPI_HandleTypeDef *hspi, uint8_t *pTxData, uint8_t *pRxData, uint16_t Size,
      |                                                                    ~~~~~~~~~^~~~~~~
../Core/Src/customstepper.c:779:51: warning: pointer targets in passing argument 3 of 'HAL_SPI_TransmitReceive' differ in signedness [-Wpointer-sign]
  779 |     if (HAL_SPI_TransmitReceive(&hspi1, pTX+i, pRX+i,(uint16_t)1, HAL_MAX_DELAY) != HAL_OK) {
      |                                                ~~~^~
      |                                                   |
      |                                                   char *
../Drivers/STM32F7xx_HAL_Driver/Inc/stm32f7xx_hal_spi.h:794:95: note: expected 'uint8_t *' {aka 'unsigned char *'} but argument is of type 'char *'
  794 | HAL_StatusTypeDef HAL_SPI_TransmitReceive(SPI_HandleTypeDef *hspi, uint8_t *pTxData, uint8_t *pRxData, uint16_t Size,
      |                                                                                      ~~~~~~~~~^~~~~~~
../Core/Src/customstepper.c:775:40: warning: unused parameter 'pIO' [-Wunused-parameter]
  775 | static int StepDriverSpiTransfer(void* pIO, char* pRX, const char* pTX, unsigned int length)
      |                                  ~~~~~~^~~
../Core/Src/customstepper.c: In function 'StepSynchronous':
../Core/Src/customstepper.c:898:30: warning: comparison of integer expressions of different signedness: 'unsigned int' and 'int' [-Wsign-compare]
  898 |   for (unsigned int i = 0; i < numPulses; ++i) {
      |                              ^
../Core/Src/customstepper.c:886:37: warning: unused parameter 'dir' [-Wunused-parameter]
  886 | int StepSynchronous(void* pPWM, int dir, int numPulses) {
      |                                 ~~~~^~~
../Core/Src/customstepper.c: In function 'StepperTask':
../Core/Src/customstepper.c:913:30: error: invalid initializer
  913 |     StepperTaskArgs_t args = (StepperTaskArgs_t*)pvParameters;
      |                              ^
../Core/Src/customstepper.c:931:18: warning: assignment to 'int (*)(void *, int,  unsigned int,  void (*)(struct L6474_Handle *), struct L6474_Handle *)' from incompatible pointer type 'int (*)(StepperTaskArgs_t *, int,  unsigned int,  void (*)(struct L6474_Handle *))' [-Wincompatible-pointer-types]
  931 |     p.stepAsync  = stepAsync;           // Your async function
      |                  ^
../Core/Src/customstepper.c:932:18: warning: assignment to 'int (*)(void *)' from incompatible pointer type 'int (*)(StepperTaskArgs_t *)' [-Wincompatible-pointer-types]
  932 |     p.cancelStep = stepCancelAsync;     // Your cancel function
      |                  ^
../Core/Src/customstepper.c:935:9: error: invalid type argument of '->' (have 'StepperTaskArgs_t')
  935 |     args->h = L6474_CreateInstance(&p, &hspi1, NULL, &htim1);
      |         ^~
../Core/Src/customstepper.c:936:9: error: invalid type argument of '->' (have 'StepperTaskArgs_t')
  936 |     args->htim1Handle = &htim1;
      |         ^~
../Core/Src/customstepper.c:937:9: error: invalid type argument of '->' (have 'StepperTaskArgs_t')
  937 |     args->htim4Handle = &htim4;
      |         ^~
../Core/Src/customstepper.c:940:9: error: invalid type argument of '->' (have 'StepperTaskArgs_t')
  940 |     args->steps_per_turn = STEPS_PER_TURN;
      |         ^~
../Core/Src/customstepper.c:941:9: error: invalid type argument of '->' (have 'StepperTaskArgs_t')
  941 |     args->res = RESOLUTION;
      |         ^~
../Core/Src/customstepper.c:942:9: error: invalid type argument of '->' (have 'StepperTaskArgs_t')
  942 |     args->mm_per_turn = MM_PER_TURN;
      |         ^~
../Core/Src/customstepper.c:944:9: error: invalid type argument of '->' (have 'StepperTaskArgs_t')
  944 |     args->position_min_steps = 0;
      |         ^~
../Core/Src/customstepper.c:945:9: error: invalid type argument of '->' (have 'StepperTaskArgs_t')
  945 |     args->position_max_steps = 100000;
      |         ^~
../Core/Src/customstepper.c:946:9: error: invalid type argument of '->' (have 'StepperTaskArgs_t')
  946 |     args->position_ref_steps = 0;
      |         ^~
../Core/Src/customstepper.c:948:9: error: invalid type argument of '->' (have 'StepperTaskArgs_t')
  948 |     args->powered = 0;
      |         ^~
../Core/Src/customstepper.c:949:9: error: invalid type argument of '->' (have 'StepperTaskArgs_t')
  949 |     args->referenced = 0;
      |         ^~
../Core/Src/customstepper.c:950:9: error: invalid type argument of '->' (have 'StepperTaskArgs_t')
  950 |     args->currentlyrunning = 0;
      |         ^~
../Core/Src/customstepper.c:951:9: error: invalid type argument of '->' (have 'StepperTaskArgs_t')
  951 |     args->homed = false;
      |         ^~
../Core/Src/customstepper.c:952:9: error: invalid type argument of '->' (have 'StepperTaskArgs_t')
  952 |     args->currentPosition = 0.0;
      |         ^~
../Core/Src/customstepper.c:953:9: error: invalid type argument of '->' (have 'StepperTaskArgs_t')
  953 |     args->MAXPOS = 0.0;
      |         ^~
../Core/Src/customstepper.c:967:38: error: invalid type argument of '->' (have 'StepperTaskArgs_t')
  967 |     result |= L6474_ResetStandBy(args->h);
      |                                      ^~
../Core/Src/customstepper.c:968:36: error: invalid type argument of '->' (have 'StepperTaskArgs_t')
  968 |     result |= L6474_Initialize(args->h, &baseParam);
      |                                    ^~
../Core/Src/customstepper.c:969:41: error: invalid type argument of '->' (have 'StepperTaskArgs_t')
  969 |     result |= L6474_SetPowerOutputs(args->h, 1);
      |                                         ^~
../Core/Src/customstepper.c: In function 'StepperConsoleFunction':
../Core/Src/customstepper.c:683:10: warning: this statement may fall through [-Wimplicit-fallthrough=]
  683 |       if (xTaskCreate(StepperTask, "StepperTask", 256, NULL, tskIDLE_PRIORITY + 1, NULL) != pdPASS) {
      |          ^
../Core/Src/customstepper.c:687:3: note: here
  687 |   case cctREFERENCE_SKIP:
      |   ^~~~
../Core/Src/customstepper.c: At top level:
../Core/Src/customstepper.c:330:12: warning: 'reset' defined but not used [-Wunused-function]
  330 | static int reset(StepperTaskArgs_t* stepper_ctx) {
      |            ^~~~~
../Core/Src/customstepper.c:28:12: warning: 'CalcRelative' defined but not used [-Wunused-function]
   28 | static int CalcRelative(double relativePosition, StepperTaskArgs_t* ctx) {
      |            ^~~~~~~~~~~~
../Core/Src/customstepper.c:22:12: warning: 'CalcAbsolute' defined but not used [-Wunused-function]
   22 | static int CalcAbsolute(double position, double currentPosition, StepperTaskArgs_t* ctx) {
      |            ^~~~~~~~~~~~
make: *** [Core/Src/subdir.mk:37: Core/Src/customstepper.o] Error 1
"make -j16 all" terminated with exit code 2. Build might be incomplete.
15:37:09 **** Incremental Build of configuration Debug for project stepper ****
make -j16 all 
arm-none-eabi-gcc "../Core/Src/customstepper.c" -mcpu=cortex-m7 -std=gnu18 -g3 -DDEBUG -DUSE_HAL_DRIVER -DSTM32F746xx -DUSE_FULL_ASSERT -c -I../Core/Inc -I../Drivers/STM32F7xx_HAL_Driver/Inc -I../Drivers/STM32F7xx_HAL_Driver/Inc/Legacy -I../Drivers/CMSIS/Device/ST/STM32F7xx/Include -I../Drivers/CMSIS/Include -I../../libs/FreeRTOS-LTS/FreeRTOS/FreeRTOS-Kernel/include -I../../libs/FreeRTOS-LTS/FreeRTOS/FreeRTOS-Kernel/portable/GCC/ARM_CM7/r0p1 -I../../libs/LibL6474/inc -I"/home/carl/Documents/Uni/Spindel_Project_Hardwarenahe_Programmierung_von_Echtzeitsystemen/labor_echtzeitsysteme_stepperspindel/stepper/Core/Inc/Stepper" -I../../libs/LibRTOSConsole/inc -I"/home/carl/Documents/Uni/Spindel_Project_Hardwarenahe_Programmierung_von_Echtzeitsystemen/labor_echtzeitsysteme_stepperspindel/stepper/Core/Inc/Console" -I"/home/carl/Documents/Uni/Spindel_Project_Hardwarenahe_Programmierung_von_Echtzeitsystemen/labor_echtzeitsysteme_stepperspindel/stepper/Core/Inc/Spindle" -I../../libs/LibSpindle/inc -O0 -ffunction-sections -fdata-sections -Wall -Wextra -pedantic -Wmissing-include-dirs -Wswitch-default -fstack-usage -fcyclomatic-complexity -MMD -MP -MF"Core/Src/customstepper.d" -MT"Core/Src/customstepper.o" --specs=nano.specs -mfpu=fpv5-sp-d16 -mfloat-abi=hard -mthumb -o "Core/Src/customstepper.o"
../Core/Src/customstepper.c: In function 'configParams':
../Core/Src/customstepper.c:283:22: warning: format '%f' expects argument of type 'double', but argument 2 has type 'int' [-Wformat=]
  283 |             printf("%f\r\nOK\r\n", ctx->mm_per_turn);
      |                     ~^             ~~~~~~~~~~~~~~~~
      |                      |                |
      |                      double           int
      |                     %d
../Core/Src/customstepper.c: In function 'StepDriverSpiTransfer':
../Core/Src/customstepper.c:779:44: warning: passing argument 2 of 'HAL_SPI_TransmitReceive' discards 'const' qualifier from pointer target type [-Wdiscarded-qualifiers]
  779 |     if (HAL_SPI_TransmitReceive(&hspi1, pTX+i, pRX+i,(uint16_t)1, HAL_MAX_DELAY) != HAL_OK) {
      |                                         ~~~^~
In file included from ../Core/Inc/stm32f7xx_hal_conf.h:407,
                 from ../Drivers/STM32F7xx_HAL_Driver/Inc/stm32f7xx_hal.h:29,
                 from ../Core/Inc/main.h:30,
                 from ../Core/Src/customstepper.c:6:
../Drivers/STM32F7xx_HAL_Driver/Inc/stm32f7xx_hal_spi.h:794:77: note: expected 'uint8_t *' {aka 'unsigned char *'} but argument is of type 'const char *'
  794 | HAL_StatusTypeDef HAL_SPI_TransmitReceive(SPI_HandleTypeDef *hspi, uint8_t *pTxData, uint8_t *pRxData, uint16_t Size,
      |                                                                    ~~~~~~~~~^~~~~~~
../Core/Src/customstepper.c:779:51: warning: pointer targets in passing argument 3 of 'HAL_SPI_TransmitReceive' differ in signedness [-Wpointer-sign]
  779 |     if (HAL_SPI_TransmitReceive(&hspi1, pTX+i, pRX+i,(uint16_t)1, HAL_MAX_DELAY) != HAL_OK) {
      |                                                ~~~^~
      |                                                   |
      |                                                   char *
../Drivers/STM32F7xx_HAL_Driver/Inc/stm32f7xx_hal_spi.h:794:95: note: expected 'uint8_t *' {aka 'unsigned char *'} but argument is of type 'char *'
  794 | HAL_StatusTypeDef HAL_SPI_TransmitReceive(SPI_HandleTypeDef *hspi, uint8_t *pTxData, uint8_t *pRxData, uint16_t Size,
      |                                                                                      ~~~~~~~~~^~~~~~~
../Core/Src/customstepper.c:775:40: warning: unused parameter 'pIO' [-Wunused-parameter]
  775 | static int StepDriverSpiTransfer(void* pIO, char* pRX, const char* pTX, unsigned int length)
      |                                  ~~~~~~^~~
../Core/Src/customstepper.c: In function 'StepSynchronous':
../Core/Src/customstepper.c:898:30: warning: comparison of integer expressions of different signedness: 'unsigned int' and 'int' [-Wsign-compare]
  898 |   for (unsigned int i = 0; i < numPulses; ++i) {
      |                              ^
../Core/Src/customstepper.c:886:37: warning: unused parameter 'dir' [-Wunused-parameter]
  886 | int StepSynchronous(void* pPWM, int dir, int numPulses) {
      |                                 ~~~~^~~
../Core/Src/customstepper.c: In function 'StepperTask':
../Core/Src/customstepper.c:931:18: warning: assignment to 'int (*)(void *, int,  unsigned int,  void (*)(struct L6474_Handle *), struct L6474_Handle *)' from incompatible pointer type 'int (*)(StepperTaskArgs_t *, int,  unsigned int,  void (*)(struct L6474_Handle *))' [-Wincompatible-pointer-types]
  931 |     p.stepAsync  = stepAsync;           // Your async function
      |                  ^
../Core/Src/customstepper.c:932:18: warning: assignment to 'int (*)(void *)' from incompatible pointer type 'int (*)(StepperTaskArgs_t *)' [-Wincompatible-pointer-types]
  932 |     p.cancelStep = stepCancelAsync;     // Your cancel function
      |                  ^
../Core/Src/customstepper.c: In function 'StepperConsoleFunction':
../Core/Src/customstepper.c:683:10: warning: this statement may fall through [-Wimplicit-fallthrough=]
  683 |       if (xTaskCreate(StepperTask, "StepperTask", 256, NULL, tskIDLE_PRIORITY + 1, NULL) != pdPASS) {
      |          ^
../Core/Src/customstepper.c:687:3: note: here
  687 |   case cctREFERENCE_SKIP:
      |   ^~~~
../Core/Src/customstepper.c: At top level:
../Core/Src/customstepper.c:330:12: warning: 'reset' defined but not used [-Wunused-function]
  330 | static int reset(StepperTaskArgs_t* stepper_ctx) {
      |            ^~~~~
../Core/Src/customstepper.c:28:12: warning: 'CalcRelative' defined but not used [-Wunused-function]
   28 | static int CalcRelative(double relativePosition, StepperTaskArgs_t* ctx) {
      |            ^~~~~~~~~~~~
../Core/Src/customstepper.c:22:12: warning: 'CalcAbsolute' defined but not used [-Wunused-function]
   22 | static int CalcAbsolute(double position, double currentPosition, StepperTaskArgs_t* ctx) {
      |            ^~~~~~~~~~~~
arm-none-eabi-gcc -o "stepper.elf" @"objects.list"   -mcpu=cortex-m7 -T"/home/carl/Documents/Uni/Spindel_Project_Hardwarenahe_Programmierung_von_Echtzeitsystemen/labor_echtzeitsysteme_stepperspindel/stepper/STM32F746ZGTX_FLASH.ld" --specs=nosys.specs -Wl,-Map="stepper.map" -Wl,--gc-sections -static --specs=nano.specs -mfpu=fpv5-sp-d16 -mfloat-abi=hard -mthumb -u _printf_float -u _scanf_float -Wl,--start-group -lc -lm -Wl,--end-group
Finished building target: stepper.elf
 
arm-none-eabi-size  stepper.elf 
arm-none-eabi-objdump -h -S stepper.elf  > "stepper.list"
   text	   data	    bss	    dec	    hex	filename
 101596	    532	 230660	 332788	  513f4	stepper.elf
Finished building: default.size.stdout
 
Finished building: stepper.list
 
15:38:16 **** Incremental Build of configuration Debug for project stepper ****
make -j16 all 
arm-none-eabi-gcc "../Core/Src/customstepper.c" -mcpu=cortex-m7 -std=gnu18 -g3 -DDEBUG -DUSE_HAL_DRIVER -DSTM32F746xx -DUSE_FULL_ASSERT -c -I../Core/Inc -I../Drivers/STM32F7xx_HAL_Driver/Inc -I../Drivers/STM32F7xx_HAL_Driver/Inc/Legacy -I../Drivers/CMSIS/Device/ST/STM32F7xx/Include -I../Drivers/CMSIS/Include -I../../libs/FreeRTOS-LTS/FreeRTOS/FreeRTOS-Kernel/include -I../../libs/FreeRTOS-LTS/FreeRTOS/FreeRTOS-Kernel/portable/GCC/ARM_CM7/r0p1 -I../../libs/LibL6474/inc -I"/home/carl/Documents/Uni/Spindel_Project_Hardwarenahe_Programmierung_von_Echtzeitsystemen/labor_echtzeitsysteme_stepperspindel/stepper/Core/Inc/Stepper" -I../../libs/LibRTOSConsole/inc -I"/home/carl/Documents/Uni/Spindel_Project_Hardwarenahe_Programmierung_von_Echtzeitsystemen/labor_echtzeitsysteme_stepperspindel/stepper/Core/Inc/Console" -I"/home/carl/Documents/Uni/Spindel_Project_Hardwarenahe_Programmierung_von_Echtzeitsystemen/labor_echtzeitsysteme_stepperspindel/stepper/Core/Inc/Spindle" -I../../libs/LibSpindle/inc -O0 -ffunction-sections -fdata-sections -Wall -Wextra -pedantic -Wmissing-include-dirs -Wswitch-default -fstack-usage -fcyclomatic-complexity -MMD -MP -MF"Core/Src/customstepper.d" -MT"Core/Src/customstepper.o" --specs=nano.specs -mfpu=fpv5-sp-d16 -mfloat-abi=hard -mthumb -o "Core/Src/customstepper.o"
../Core/Src/customstepper.c: In function 'configParams':
../Core/Src/customstepper.c:283:22: warning: format '%f' expects argument of type 'double', but argument 2 has type 'int' [-Wformat=]
  283 |             printf("%f\r\nOK\r\n", ctx->mm_per_turn);
      |                     ~^             ~~~~~~~~~~~~~~~~
      |                      |                |
      |                      double           int
      |                     %d
../Core/Src/customstepper.c: In function 'StepDriverSpiTransfer':
../Core/Src/customstepper.c:779:44: warning: passing argument 2 of 'HAL_SPI_TransmitReceive' discards 'const' qualifier from pointer target type [-Wdiscarded-qualifiers]
  779 |     if (HAL_SPI_TransmitReceive(&hspi1, pTX+i, pRX+i,(uint16_t)1, HAL_MAX_DELAY) != HAL_OK) {
      |                                         ~~~^~
In file included from ../Core/Inc/stm32f7xx_hal_conf.h:407,
                 from ../Drivers/STM32F7xx_HAL_Driver/Inc/stm32f7xx_hal.h:29,
                 from ../Core/Inc/main.h:30,
                 from ../Core/Src/customstepper.c:6:
../Drivers/STM32F7xx_HAL_Driver/Inc/stm32f7xx_hal_spi.h:794:77: note: expected 'uint8_t *' {aka 'unsigned char *'} but argument is of type 'const char *'
  794 | HAL_StatusTypeDef HAL_SPI_TransmitReceive(SPI_HandleTypeDef *hspi, uint8_t *pTxData, uint8_t *pRxData, uint16_t Size,
      |                                                                    ~~~~~~~~~^~~~~~~
../Core/Src/customstepper.c:779:51: warning: pointer targets in passing argument 3 of 'HAL_SPI_TransmitReceive' differ in signedness [-Wpointer-sign]
  779 |     if (HAL_SPI_TransmitReceive(&hspi1, pTX+i, pRX+i,(uint16_t)1, HAL_MAX_DELAY) != HAL_OK) {
      |                                                ~~~^~
      |                                                   |
      |                                                   char *
../Drivers/STM32F7xx_HAL_Driver/Inc/stm32f7xx_hal_spi.h:794:95: note: expected 'uint8_t *' {aka 'unsigned char *'} but argument is of type 'char *'
  794 | HAL_StatusTypeDef HAL_SPI_TransmitReceive(SPI_HandleTypeDef *hspi, uint8_t *pTxData, uint8_t *pRxData, uint16_t Size,
      |                                                                                      ~~~~~~~~~^~~~~~~
../Core/Src/customstepper.c:775:40: warning: unused parameter 'pIO' [-Wunused-parameter]
  775 | static int StepDriverSpiTransfer(void* pIO, char* pRX, const char* pTX, unsigned int length)
      |                                  ~~~~~~^~~
../Core/Src/customstepper.c: In function 'StepSynchronous':
../Core/Src/customstepper.c:898:30: warning: comparison of integer expressions of different signedness: 'unsigned int' and 'int' [-Wsign-compare]
  898 |   for (unsigned int i = 0; i < numPulses; ++i) {
      |                              ^
../Core/Src/customstepper.c:886:37: warning: unused parameter 'dir' [-Wunused-parameter]
  886 | int StepSynchronous(void* pPWM, int dir, int numPulses) {
      |                                 ~~~~^~~
../Core/Src/customstepper.c: In function 'StepperTask':
../Core/Src/customstepper.c:931:18: warning: assignment to 'int (*)(void *, int,  unsigned int,  void (*)(struct L6474_Handle *), struct L6474_Handle *)' from incompatible pointer type 'int (*)(StepperTaskArgs_t *, int,  unsigned int,  void (*)(struct L6474_Handle *))' [-Wincompatible-pointer-types]
  931 |     p.stepAsync  = stepAsync;           // Your async function
      |                  ^
../Core/Src/customstepper.c:932:18: warning: assignment to 'int (*)(void *)' from incompatible pointer type 'int (*)(StepperTaskArgs_t *)' [-Wincompatible-pointer-types]
  932 |     p.cancelStep = stepCancelAsync;     // Your cancel function
      |                  ^
../Core/Src/customstepper.c: In function 'StepperConsoleFunction':
../Core/Src/customstepper.c:683:10: warning: this statement may fall through [-Wimplicit-fallthrough=]
  683 |       if (xTaskCreate(StepperTask, "StepperTask", 256, NULL, tskIDLE_PRIORITY + 1, NULL) != pdPASS) {
      |          ^
../Core/Src/customstepper.c:687:3: note: here
  687 |   case cctREFERENCE_SKIP:
      |   ^~~~
../Core/Src/customstepper.c: At top level:
../Core/Src/customstepper.c:330:12: warning: 'reset' defined but not used [-Wunused-function]
  330 | static int reset(StepperTaskArgs_t* stepper_ctx) {
      |            ^~~~~
../Core/Src/customstepper.c:28:12: warning: 'CalcRelative' defined but not used [-Wunused-function]
   28 | static int CalcRelative(double relativePosition, StepperTaskArgs_t* ctx) {
      |            ^~~~~~~~~~~~
../Core/Src/customstepper.c:22:12: warning: 'CalcAbsolute' defined but not used [-Wunused-function]
   22 | static int CalcAbsolute(double position, double currentPosition, StepperTaskArgs_t* ctx) {
      |            ^~~~~~~~~~~~
arm-none-eabi-gcc -o "stepper.elf" @"objects.list"   -mcpu=cortex-m7 -T"/home/carl/Documents/Uni/Spindel_Project_Hardwarenahe_Programmierung_von_Echtzeitsystemen/labor_echtzeitsysteme_stepperspindel/stepper/STM32F746ZGTX_FLASH.ld" --specs=nosys.specs -Wl,-Map="stepper.map" -Wl,--gc-sections -static --specs=nano.specs -mfpu=fpv5-sp-d16 -mfloat-abi=hard -mthumb -u _printf_float -u _scanf_float -Wl,--start-group -lc -lm -Wl,--end-group
Finished building target: stepper.elf
 
arm-none-eabi-size  stepper.elf 
arm-none-eabi-objdump -h -S stepper.elf  > "stepper.list"
   text	   data	    bss	    dec	    hex	filename
 101596	    532	 230660	 332788	  513f4	stepper.elf
Finished building: default.size.stdout
 
Finished building: stepper.list
 
15:39:41 **** Incremental Build of configuration Debug for project stepper ****
make -j16 all 
arm-none-eabi-size  stepper.elf 
   text	   data	    bss	    dec	    hex	filename
 101596	    532	 230660	 332788	  513f4	stepper.elf
Finished building: default.size.stdout
 
15:40:45 **** Incremental Build of configuration Debug for project stepper ****
make -j16 all 
arm-none-eabi-size  stepper.elf 
   text	   data	    bss	    dec	    hex	filename
 101596	    532	 230660	 332788	  513f4	stepper.elf
Finished building: default.size.stdout
 
15:44:46 **** Incremental Build of configuration Debug for project stepper ****
make -j16 all 
arm-none-eabi-size  stepper.elf 
   text	   data	    bss	    dec	    hex	filename
 101596	    532	 230660	 332788	  513f4	stepper.elf
Finished building: default.size.stdout
 
15:45:58 **** Incremental Build of configuration Debug for project stepper ****
make -j16 all 
arm-none-eabi-size  stepper.elf 
   text	   data	    bss	    dec	    hex	filename
 101596	    532	 230660	 332788	  513f4	stepper.elf
Finished building: default.size.stdout
 
15:50:25 **** Incremental Build of configuration Debug for project stepper ****
make -j16 all 
arm-none-eabi-gcc "../Core/Src/customstepper.c" -mcpu=cortex-m7 -std=gnu18 -g3 -DDEBUG -DUSE_HAL_DRIVER -DSTM32F746xx -DUSE_FULL_ASSERT -c -I../Core/Inc -I../Drivers/STM32F7xx_HAL_Driver/Inc -I../Drivers/STM32F7xx_HAL_Driver/Inc/Legacy -I../Drivers/CMSIS/Device/ST/STM32F7xx/Include -I../Drivers/CMSIS/Include -I../../libs/FreeRTOS-LTS/FreeRTOS/FreeRTOS-Kernel/include -I../../libs/FreeRTOS-LTS/FreeRTOS/FreeRTOS-Kernel/portable/GCC/ARM_CM7/r0p1 -I../../libs/LibL6474/inc -I"/home/carl/Documents/Uni/Spindel_Project_Hardwarenahe_Programmierung_von_Echtzeitsystemen/labor_echtzeitsysteme_stepperspindel/stepper/Core/Inc/Stepper" -I../../libs/LibRTOSConsole/inc -I"/home/carl/Documents/Uni/Spindel_Project_Hardwarenahe_Programmierung_von_Echtzeitsystemen/labor_echtzeitsysteme_stepperspindel/stepper/Core/Inc/Console" -I"/home/carl/Documents/Uni/Spindel_Project_Hardwarenahe_Programmierung_von_Echtzeitsystemen/labor_echtzeitsysteme_stepperspindel/stepper/Core/Inc/Spindle" -I../../libs/LibSpindle/inc -O0 -ffunction-sections -fdata-sections -Wall -Wextra -pedantic -Wmissing-include-dirs -Wswitch-default -fstack-usage -fcyclomatic-complexity -MMD -MP -MF"Core/Src/customstepper.d" -MT"Core/Src/customstepper.o" --specs=nano.specs -mfpu=fpv5-sp-d16 -mfloat-abi=hard -mthumb -o "Core/Src/customstepper.o"
arm-none-eabi-gcc "../Core/Src/main.c" -mcpu=cortex-m7 -std=gnu18 -g3 -DDEBUG -DUSE_HAL_DRIVER -DSTM32F746xx -DUSE_FULL_ASSERT -c -I../Core/Inc -I../Drivers/STM32F7xx_HAL_Driver/Inc -I../Drivers/STM32F7xx_HAL_Driver/Inc/Legacy -I../Drivers/CMSIS/Device/ST/STM32F7xx/Include -I../Drivers/CMSIS/Include -I../../libs/FreeRTOS-LTS/FreeRTOS/FreeRTOS-Kernel/include -I../../libs/FreeRTOS-LTS/FreeRTOS/FreeRTOS-Kernel/portable/GCC/ARM_CM7/r0p1 -I../../libs/LibL6474/inc -I"/home/carl/Documents/Uni/Spindel_Project_Hardwarenahe_Programmierung_von_Echtzeitsystemen/labor_echtzeitsysteme_stepperspindel/stepper/Core/Inc/Stepper" -I../../libs/LibRTOSConsole/inc -I"/home/carl/Documents/Uni/Spindel_Project_Hardwarenahe_Programmierung_von_Echtzeitsystemen/labor_echtzeitsysteme_stepperspindel/stepper/Core/Inc/Console" -I"/home/carl/Documents/Uni/Spindel_Project_Hardwarenahe_Programmierung_von_Echtzeitsystemen/labor_echtzeitsysteme_stepperspindel/stepper/Core/Inc/Spindle" -I../../libs/LibSpindle/inc -O0 -ffunction-sections -fdata-sections -Wall -Wextra -pedantic -Wmissing-include-dirs -Wswitch-default -fstack-usage -fcyclomatic-complexity -MMD -MP -MF"Core/Src/main.d" -MT"Core/Src/main.o" --specs=nano.specs -mfpu=fpv5-sp-d16 -mfloat-abi=hard -mthumb -o "Core/Src/main.o"
../Core/Src/main.c: In function 'main':
../Core/Src/main.c:402:1: warning: implicit declaration of function 'memset' [-Wimplicit-function-declaration]
  402 | memset(stepperArgs, 0, sizeof(StepperTaskArgs_t));
      | ^~~~~~
../Core/Src/main.c:31:1: note: include '<string.h>' or provide a declaration of 'memset'
   30 | #include "customspindel.h"
  +++ |+#include <string.h>
   31 | #include "Spindle.h"
../Core/Src/main.c:402:1: warning: incompatible implicit declaration of built-in function 'memset' [-Wbuiltin-declaration-mismatch]
  402 | memset(stepperArgs, 0, sizeof(StepperTaskArgs_t));
      | ^~~~~~
../Core/Src/main.c:402:1: note: include '<string.h>' or provide a declaration of 'memset'
../Core/Src/customstepper.c: In function 'configParams':
../Core/Src/customstepper.c:286:22: warning: format '%f' expects argument of type 'double', but argument 2 has type 'int' [-Wformat=]
  286 |             printf("%f\r\nOK\r\n", ctx->mm_per_turn);
      |                     ~^             ~~~~~~~~~~~~~~~~
      |                      |                |
      |                      double           int
      |                     %d
../Core/Src/customstepper.c: In function 'StepDriverSpiTransfer':
../Core/Src/customstepper.c:782:44: warning: passing argument 2 of 'HAL_SPI_TransmitReceive' discards 'const' qualifier from pointer target type [-Wdiscarded-qualifiers]
  782 |     if (HAL_SPI_TransmitReceive(&hspi1, pTX+i, pRX+i,(uint16_t)1, HAL_MAX_DELAY) != HAL_OK) {
      |                                         ~~~^~
In file included from ../Core/Inc/stm32f7xx_hal_conf.h:407,
                 from ../Drivers/STM32F7xx_HAL_Driver/Inc/stm32f7xx_hal.h:29,
                 from ../Core/Inc/main.h:30,
                 from ../Core/Src/customstepper.c:6:
../Drivers/STM32F7xx_HAL_Driver/Inc/stm32f7xx_hal_spi.h:794:77: note: expected 'uint8_t *' {aka 'unsigned char *'} but argument is of type 'const char *'
  794 | HAL_StatusTypeDef HAL_SPI_TransmitReceive(SPI_HandleTypeDef *hspi, uint8_t *pTxData, uint8_t *pRxData, uint16_t Size,
      |                                                                    ~~~~~~~~~^~~~~~~
../Core/Src/customstepper.c:782:51: warning: pointer targets in passing argument 3 of 'HAL_SPI_TransmitReceive' differ in signedness [-Wpointer-sign]
  782 |     if (HAL_SPI_TransmitReceive(&hspi1, pTX+i, pRX+i,(uint16_t)1, HAL_MAX_DELAY) != HAL_OK) {
      |                                                ~~~^~
      |                                                   |
      |                                                   char *
../Drivers/STM32F7xx_HAL_Driver/Inc/stm32f7xx_hal_spi.h:794:95: note: expected 'uint8_t *' {aka 'unsigned char *'} but argument is of type 'char *'
  794 | HAL_StatusTypeDef HAL_SPI_TransmitReceive(SPI_HandleTypeDef *hspi, uint8_t *pTxData, uint8_t *pRxData, uint16_t Size,
      |                                                                                      ~~~~~~~~~^~~~~~~
../Core/Src/customstepper.c:778:40: warning: unused parameter 'pIO' [-Wunused-parameter]
  778 | static int StepDriverSpiTransfer(void* pIO, char* pRX, const char* pTX, unsigned int length)
      |                                  ~~~~~~^~~
../Core/Src/customstepper.c: In function 'StepSynchronous':
../Core/Src/customstepper.c:901:30: warning: comparison of integer expressions of different signedness: 'unsigned int' and 'int' [-Wsign-compare]
  901 |   for (unsigned int i = 0; i < numPulses; ++i) {
      |                              ^
../Core/Src/customstepper.c:889:37: warning: unused parameter 'dir' [-Wunused-parameter]
  889 | int StepSynchronous(void* pPWM, int dir, int numPulses) {
      |                                 ~~~~^~~
../Core/Src/customstepper.c: In function 'StepperTask':
../Core/Src/customstepper.c:931:18: warning: assignment to 'int (*)(void *, int,  unsigned int,  void (*)(struct L6474_Handle *), struct L6474_Handle *)' from incompatible pointer type 'int (*)(StepperTaskArgs_t *, int,  unsigned int,  void (*)(struct L6474_Handle *))' [-Wincompatible-pointer-types]
  931 |     p.stepAsync  = stepAsync;           // Your async function
      |                  ^
../Core/Src/customstepper.c:932:18: warning: assignment to 'int (*)(void *)' from incompatible pointer type 'int (*)(StepperTaskArgs_t *)' [-Wincompatible-pointer-types]
  932 |     p.cancelStep = stepCancelAsync;     // Your cancel function
      |                  ^
../Core/Src/customstepper.c: In function 'StepperConsoleFunction':
../Core/Src/customstepper.c:686:10: warning: this statement may fall through [-Wimplicit-fallthrough=]
  686 |       if (xTaskCreate(StepperTask, "StepperTask", 256, NULL, tskIDLE_PRIORITY + 1, NULL) != pdPASS) {
      |          ^
../Core/Src/customstepper.c:690:3: note: here
  690 |   case cctREFERENCE_SKIP:
      |   ^~~~
../Core/Src/customstepper.c: At top level:
../Core/Src/customstepper.c:333:12: warning: 'reset' defined but not used [-Wunused-function]
  333 | static int reset(StepperTaskArgs_t* stepper_ctx) {
      |            ^~~~~
../Core/Src/customstepper.c:31:12: warning: 'CalcRelative' defined but not used [-Wunused-function]
   31 | static int CalcRelative(double relativePosition, StepperTaskArgs_t* ctx) {
      |            ^~~~~~~~~~~~
../Core/Src/customstepper.c:25:12: warning: 'CalcAbsolute' defined but not used [-Wunused-function]
   25 | static int CalcAbsolute(double position, double currentPosition, StepperTaskArgs_t* ctx) {
      |            ^~~~~~~~~~~~
../Core/Src/main.c:421:3: warning: implicit declaration of function 'initConsole' [-Wimplicit-function-declaration]
  421 |   initConsole();
      |   ^~~~~~~~~~~
../Core/Src/main.c: In function 'initConsole':
../Core/Src/main.c:456:1: warning: control reaches end of non-void function [-Wreturn-type]
  456 | }
      | ^
arm-none-eabi-gcc -o "stepper.elf" @"objects.list"   -mcpu=cortex-m7 -T"/home/carl/Documents/Uni/Spindel_Project_Hardwarenahe_Programmierung_von_Echtzeitsystemen/labor_echtzeitsysteme_stepperspindel/stepper/STM32F746ZGTX_FLASH.ld" --specs=nosys.specs -Wl,-Map="stepper.map" -Wl,--gc-sections -static --specs=nano.specs -mfpu=fpv5-sp-d16 -mfloat-abi=hard -mthumb -u _printf_float -u _scanf_float -Wl,--start-group -lc -lm -Wl,--end-group
Finished building target: stepper.elf
 
arm-none-eabi-size  stepper.elf 
arm-none-eabi-objdump -h -S stepper.elf  > "stepper.list"
   text	   data	    bss	    dec	    hex	filename
 101596	    532	 230660	 332788	  513f4	stepper.elf
Finished building: default.size.stdout
 
Finished building: stepper.list
 
15:54:58 **** Incremental Build of configuration Debug for project stepper ****
make -j16 all 
arm-none-eabi-size  stepper.elf 
   text	   data	    bss	    dec	    hex	filename
 101596	    532	 230660	 332788	  513f4	stepper.elf
Finished building: default.size.stdout
 
